<?xml version="1.0" encoding="UTF-8"?>
<testsuite xmlns:xsi="http://www.w3.org/2001/XMLSchema-instance" xsi:noNamespaceSchemaLocation="https://maven.apache.org/surefire/maven-surefire-plugin/xsd/surefire-test-report-3.0.xsd" version="3.0" name="ax.ha.it.mortage.CustomerTest" time="0.024" tests="4" errors="0" skipped="0" failures="0">
  <properties>
[...]
</properties>
  <testcase name="testGetLoan" classname="ax.ha.it.mortage.CustomerTest" time="0.011"/>
  <testcase name="testGetName" classname="ax.ha.it.mortage.CustomerTest" time="0"/>
  <testcase name="testGetYear" classname="ax.ha.it.mortage.CustomerTest" time="0"/>
  <testcase name="testGetInterest" classname="ax.ha.it.mortage.CustomerTest" time="0.001"/>
</testsuite>